{
  "0 debug pnpm:scope": {
    "selected": 1
  },
  "1 debug pnpm:package-manifest": {
    "initial": {
      "name": "feardevelopment-ssr",
      "version": "0.0.1",
      "scripts": {
        "dev": "svelte-kit dev",
        "build": "svelte-kit build",
        "package": "svelte-kit package",
        "preview": "svelte-kit preview",
        "prepare": "svelte-kit sync",
        "check": "svelte-check --tsconfig ./tsconfig.json",
        "check:watch": "svelte-check --tsconfig ./tsconfig.json --watch",
        "lint": "prettier --ignore-path .gitignore --check --plugin-search-dir=. . && eslint --ignore-path .gitignore .",
        "format": "prettier --ignore-path .gitignore --write --plugin-search-dir=. ."
      },
      "devDependencies": {
        "@sveltejs/adapter-auto": "next",
        "@sveltejs/kit": "next",
        "@typescript-eslint/eslint-plugin": "^5.10.1",
        "@typescript-eslint/parser": "^5.10.1",
        "eslint": "^7.32.0",
        "eslint-config-prettier": "^8.3.0",
        "eslint-plugin-svelte3": "^3.2.1",
        "prettier": "^2.5.1",
        "prettier-plugin-svelte": "^2.5.0",
        "svelte": "^3.44.0",
        "svelte-check": "^2.2.6",
        "svelte-preprocess": "^4.10.1",
        "tslib": "^2.3.1",
        "typescript": "~4.6.2"
      },
      "type": "module"
    },
    "prefix": "C:\\Users\\Kiri\\Desktop\\FEAR\\feardevelopment-ssr"
  },
  "2 debug pnpm:context": {
    "currentLockfileExists": false,
    "storeDir": "C:\\Users\\Kiri\\.pnpm-store\\v3",
    "virtualStoreDir": "C:\\Users\\Kiri\\Desktop\\FEAR\\feardevelopment-ssr\\node_modules\\.pnpm"
  },
  "3 debug pnpm:stage": {
    "prefix": "C:\\Users\\Kiri\\Desktop\\FEAR\\feardevelopment-ssr",
    "stage": "resolution_started"
  },
  "4 debug pnpm:_dependency_resolved": {
    "resolution": "registry.npmjs.org/tslib/2.3.1",
    "wanted": {
      "dependentId": ".",
      "name": "tslib",
      "rawSpec": "^2.3.1"
    }
  },
  "5 debug pnpm:progress": {
    "packageId": "registry.npmjs.org/tslib/2.3.1",
    "requester": "C:\\Users\\Kiri\\Desktop\\FEAR\\feardevelopment-ssr",
    "status": "resolved"
  },
  "6 debug pnpm:progress": {
    "packageId": "registry.npmjs.org/tslib/2.3.1",
    "requester": "C:\\Users\\Kiri\\Desktop\\FEAR\\feardevelopment-ssr",
    "status": "found_in_store"
  },
  "7 debug pnpm:_dependency_resolved": {
    "resolution": "registry.npmjs.org/prettier/2.5.1",
    "wanted": {
      "dependentId": ".",
      "name": "prettier",
      "rawSpec": "^2.5.1"
    }
  },
  "8 debug pnpm:progress": {
    "packageId": "registry.npmjs.org/prettier/2.5.1",
    "requester": "C:\\Users\\Kiri\\Desktop\\FEAR\\feardevelopment-ssr",
    "status": "resolved"
  },
  "9 debug pnpm:fetching-progress": {
    "attempt": 1,
    "packageId": "registry.npmjs.org/prettier/2.5.1",
    "size": 4582148,
    "status": "started"
  },
  "10 debug pnpm:_dependency_resolved": {
    "resolution": "registry.npmjs.org/eslint-config-prettier/8.5.0",
    "wanted": {
      "dependentId": ".",
      "name": "eslint-config-prettier",
      "rawSpec": "^8.3.0"
    }
  },
  "11 debug pnpm:progress": {
    "packageId": "registry.npmjs.org/eslint-config-prettier/8.5.0",
    "requester": "C:\\Users\\Kiri\\Desktop\\FEAR\\feardevelopment-ssr",
    "status": "resolved"
  },
  "12 debug pnpm:fetching-progress": {
    "attempt": 1,
    "packageId": "registry.npmjs.org/eslint-config-prettier/8.5.0",
    "size": 5284,
    "status": "started"
  },
  "13 debug pnpm:progress": {
    "packageId": "registry.npmjs.org/eslint-config-prettier/8.5.0",
    "requester": "C:\\Users\\Kiri\\Desktop\\FEAR\\feardevelopment-ssr",
    "status": "fetched"
  },
  "14 debug pnpm:_dependency_resolved": {
    "resolution": "registry.npmjs.org/@sveltejs/adapter-auto/1.0.0-next.33",
    "wanted": {
      "dependentId": ".",
      "name": "@sveltejs/adapter-auto",
      "rawSpec": "next"
    }
  },
  "15 debug pnpm:progress": {
    "packageId": "registry.npmjs.org/@sveltejs/adapter-auto/1.0.0-next.33",
    "requester": "C:\\Users\\Kiri\\Desktop\\FEAR\\feardevelopment-ssr",
    "status": "resolved"
  },
  "16 debug pnpm:_dependency_resolved": {
    "resolution": "registry.npmjs.org/eslint/7.32.0",
    "wanted": {
      "dependentId": ".",
      "name": "eslint",
      "rawSpec": "^7.32.0"
    }
  },
  "17 debug pnpm:progress": {
    "packageId": "registry.npmjs.org/eslint/7.32.0",
    "requester": "C:\\Users\\Kiri\\Desktop\\FEAR\\feardevelopment-ssr",
    "status": "resolved"
  },
  "18 debug pnpm:fetching-progress": {
    "attempt": 1,
    "packageId": "registry.npmjs.org/@sveltejs/adapter-auto/1.0.0-next.33",
    "size": 2442,
    "status": "started"
  },
  "19 debug pnpm:progress": {
    "packageId": "registry.npmjs.org/@sveltejs/adapter-auto/1.0.0-next.33",
    "requester": "C:\\Users\\Kiri\\Desktop\\FEAR\\feardevelopment-ssr",
    "status": "fetched"
  },
  "20 debug pnpm:fetching-progress": {
    "attempt": 1,
    "packageId": "registry.npmjs.org/eslint/7.32.0",
    "size": 672397,
    "status": "started"
  },
  "21 debug pnpm:_dependency_resolved": {
    "resolution": "registry.npmjs.org/@sveltejs/kit/1.0.0-next.298",
    "wanted": {
      "dependentId": ".",
      "name": "@sveltejs/kit",
      "rawSpec": "next"
    }
  },
  "22 debug pnpm:progress": {
    "packageId": "registry.npmjs.org/@sveltejs/kit/1.0.0-next.298",
    "requester": "C:\\Users\\Kiri\\Desktop\\FEAR\\feardevelopment-ssr",
    "status": "resolved"
  },
  "23 debug pnpm:_dependency_resolved": {
    "resolution": "registry.npmjs.org/prettier-plugin-svelte/2.6.0",
    "wanted": {
      "dependentId": ".",
      "name": "prettier-plugin-svelte",
      "rawSpec": "^2.5.0"
    }
  },
  "24 debug pnpm:progress": {
    "packageId": "registry.npmjs.org/prettier-plugin-svelte/2.6.0",
    "requester": "C:\\Users\\Kiri\\Desktop\\FEAR\\feardevelopment-ssr",
    "status": "resolved"
  },
  "25 debug pnpm:_dependency_resolved": {
    "resolution": "registry.npmjs.org/eslint-plugin-svelte3/3.4.1",
    "wanted": {
      "dependentId": ".",
      "name": "eslint-plugin-svelte3",
      "rawSpec": "^3.2.1"
    }
  },
  "26 debug pnpm:progress": {
    "packageId": "registry.npmjs.org/eslint-plugin-svelte3/3.4.1",
    "requester": "C:\\Users\\Kiri\\Desktop\\FEAR\\feardevelopment-ssr",
    "status": "resolved"
  },
  "27 debug pnpm:fetching-progress": {
    "attempt": 1,
    "packageId": "registry.npmjs.org/prettier-plugin-svelte/2.6.0",
    "size": 48971,
    "status": "started"
  },
  "28 debug pnpm:fetching-progress": {
    "attempt": 1,
    "packageId": "registry.npmjs.org/eslint-plugin-svelte3/3.4.1",
    "size": 13139,
    "status": "started"
  },
  "29 debug pnpm:progress": {
    "packageId": "registry.npmjs.org/eslint-plugin-svelte3/3.4.1",
    "requester": "C:\\Users\\Kiri\\Desktop\\FEAR\\feardevelopment-ssr",
    "status": "fetched"
  },
  "30 debug pnpm:progress": {
    "packageId": "registry.npmjs.org/prettier-plugin-svelte/2.6.0",
    "requester": "C:\\Users\\Kiri\\Desktop\\FEAR\\feardevelopment-ssr",
    "status": "fetched"
  },
  "31 debug pnpm:_dependency_resolved": {
    "resolution": "registry.npmjs.org/svelte-preprocess/4.10.4",
    "wanted": {
      "dependentId": ".",
      "name": "svelte-preprocess",
      "rawSpec": "^4.10.1"
    }
  },
  "32 debug pnpm:progress": {
    "packageId": "registry.npmjs.org/svelte-preprocess/4.10.4",
    "requester": "C:\\Users\\Kiri\\Desktop\\FEAR\\feardevelopment-ssr",
    "status": "resolved"
  },
  "33 debug pnpm:progress": {
    "packageId": "registry.npmjs.org/eslint/7.32.0",
    "requester": "C:\\Users\\Kiri\\Desktop\\FEAR\\feardevelopment-ssr",
    "status": "fetched"
  },
  "34 debug pnpm:progress": {
    "packageId": "registry.npmjs.org/svelte-preprocess/4.10.4",
    "requester": "C:\\Users\\Kiri\\Desktop\\FEAR\\feardevelopment-ssr",
    "status": "found_in_store"
  },
  "35 debug pnpm:_dependency_resolved": {
    "resolution": "registry.npmjs.org/svelte-check/2.4.6",
    "wanted": {
      "dependentId": ".",
      "name": "svelte-check",
      "rawSpec": "^2.2.6"
    }
  },
  "36 debug pnpm:progress": {
    "packageId": "registry.npmjs.org/svelte-check/2.4.6",
    "requester": "C:\\Users\\Kiri\\Desktop\\FEAR\\feardevelopment-ssr",
    "status": "resolved"
  },
  "37 debug pnpm:progress": {
    "packageId": "registry.npmjs.org/svelte-check/2.4.6",
    "requester": "C:\\Users\\Kiri\\Desktop\\FEAR\\feardevelopment-ssr",
    "status": "found_in_store"
  },
  "38 debug pnpm:_dependency_resolved": {
    "resolution": "registry.npmjs.org/svelte/3.46.4",
    "wanted": {
      "dependentId": ".",
      "name": "svelte",
      "rawSpec": "^3.44.0"
    }
  },
  "39 debug pnpm:progress": {
    "packageId": "registry.npmjs.org/svelte/3.46.4",
    "requester": "C:\\Users\\Kiri\\Desktop\\FEAR\\feardevelopment-ssr",
    "status": "resolved"
  },
  "40 debug pnpm:progress": {
    "packageId": "registry.npmjs.org/svelte/3.46.4",
    "requester": "C:\\Users\\Kiri\\Desktop\\FEAR\\feardevelopment-ssr",
    "status": "found_in_store"
  },
  "41 warn pnpm:install-check": {
    "message": "Unsupported engine for registry.npmjs.org/@typescript-eslint/eslint-plugin/5.15.0: wanted: {\"node\":\"^12.22.0 || ^14.17.0 || >=16.0.0\"} (current: {\"node\":\"v14.15.5\",\"pnpm\":\"6.28.0\"})",
    "prefix": "C:\\Users\\Kiri\\Desktop\\FEAR\\feardevelopment-ssr"
  },
  "42 error pnpm": {
    "code": "ERR_PNPM_UNSUPPORTED_ENGINE",
    "packageId": "registry.npmjs.org/@typescript-eslint/eslint-plugin/5.15.0",
    "wanted": {
      "node": "^12.22.0 || ^14.17.0 || >=16.0.0"
    },
    "current": {
      "node": "v14.15.5",
      "pnpm": "6.28.0"
    },
    "pkgsStack": [],
    "err": {
      "name": "pnpm",
      "message": "Unsupported engine for registry.npmjs.org/@typescript-eslint/eslint-plugin/5.15.0: wanted: {\"node\":\"^12.22.0 || ^14.17.0 || >=16.0.0\"} (current: {\"node\":\"v14.15.5\",\"pnpm\":\"6.28.0\"})",
      "code": "ERR_PNPM_UNSUPPORTED_ENGINE",
      "stack": "pnpm: Unsupported engine for registry.npmjs.org/@typescript-eslint/eslint-plugin/5.15.0: wanted: {\"node\":\"^12.22.0 || ^14.17.0 || >=16.0.0\"} (current: {\"node\":\"v14.15.5\",\"pnpm\":\"6.28.0\"})\n    at checkEngine (C:\\Users\\Kiri\\AppData\\Roaming\\npm\\node_modules\\pnpm\\dist\\pnpm.cjs:41190:16)\n    at checkPackage (C:\\Users\\Kiri\\AppData\\Roaming\\npm\\node_modules\\pnpm\\dist\\pnpm.cjs:43278:104)\n    at packageIsInstallable (C:\\Users\\Kiri\\AppData\\Roaming\\npm\\node_modules\\pnpm\\dist\\pnpm.cjs:43248:20)\n    at resolveAndFetch (C:\\Users\\Kiri\\AppData\\Roaming\\npm\\node_modules\\pnpm\\dist\\pnpm.cjs:71836:117)\n    at runMicrotasks (<anonymous>)\n    at processTicksAndRejections (internal/process/task_queues.js:93:5)\n    at async resolveDependency (C:\\Users\\Kiri\\AppData\\Roaming\\npm\\node_modules\\pnpm\\dist\\pnpm.cjs:115746:23)\n    at async resolveDependenciesOfDependency (C:\\Users\\Kiri\\AppData\\Roaming\\npm\\node_modules\\pnpm\\dist\\pnpm.cjs:115581:39)\n    at async Promise.all (index 2)\n    at async resolveDependencies (C:\\Users\\Kiri\\AppData\\Roaming\\npm\\node_modules\\pnpm\\dist\\pnpm.cjs:115548:29)"
    }
  }
}